\BOOKMARK [1][-]{section.1}{\376\377\000I\000n\000t\000r\000o\000d\000u\000c\000t\000i\000o\000n}{}% 1
\BOOKMARK [1][-]{section.2}{\376\377\000Q\000u\000a\000n\000t\000u\000m\000\040\000M\000e\000c\000h\000a\000n\000i\000c\000s}{}% 2
\BOOKMARK [2][-]{subsection.2.1}{\376\377\000I\000n\000t\000r\000o\000d\000u\000c\000t\000i\000o\000n}{section.2}% 3
\BOOKMARK [2][-]{subsection.2.2}{\376\377\000P\000o\000s\000t\000u\000l\000a\000t\000e\000s\000\040\000o\000f\000\040\000Q\000u\000a\000n\000t\000u\000m\000\040\000M\000e\000c\000h\000a\000n\000i\000c\000s}{section.2}% 4
\BOOKMARK [2][-]{subsection.2.3}{\376\377\000T\000h\000e\000\040\000S\000c\000h\000r\000\366\000d\000i\000n\000g\000e\000r\000\040\000E\000q\000u\000a\000t\000i\000o\000n}{section.2}% 5
\BOOKMARK [1][-]{section.3}{\376\377\000M\000a\000n\000y\000-\000B\000o\000d\000y\000\040\000F\000o\000r\000m\000a\000l\000i\000s\000m}{}% 6
\BOOKMARK [2][-]{subsection.3.1}{\376\377\000I\000n\000t\000r\000o\000d\000u\000c\000t\000i\000o\000n}{section.3}% 7
\BOOKMARK [2][-]{subsection.3.2}{\376\377\000S\000i\000n\000g\000l\000e\000-\000p\000a\000r\000t\000i\000c\000l\000e\000\040\000s\000t\000a\000t\000e\000s}{section.3}% 8
\BOOKMARK [2][-]{subsection.3.3}{\376\377\000M\000u\000l\000t\000i\000-\000p\000a\000r\000t\000i\000c\000l\000e\000\040\000s\000t\000a\000t\000e\000s}{section.3}% 9
\BOOKMARK [2][-]{subsection.3.4}{\376\377\000S\000e\000c\000o\000n\000d\000\040\000Q\000u\000a\000n\000t\000i\000z\000a\000t\000i\000o\000n}{section.3}% 10
\BOOKMARK [2][-]{subsection.3.5}{\376\377\000P\000a\000r\000t\000i\000c\000l\000e\000-\000H\000o\000l\000e\000\040\000F\000o\000r\000m\000a\000l\000i\000s\000m}{section.3}% 11
\BOOKMARK [2][-]{subsection.3.6}{\376\377\000C\000o\000n\000t\000r\000a\000c\000t\000i\000o\000n\000s}{section.3}% 12
\BOOKMARK [1][-]{section.4}{\376\377\000C\000l\000a\000s\000s\000i\000c\000a\000l\000\040\000C\000o\000m\000p\000u\000t\000a\000t\000i\000o\000n\000\040\000T\000e\000c\000h\000n\000i\000q\000u\000e\000s}{}% 13
\BOOKMARK [2][-]{subsection.4.1}{\376\377\000F\000u\000l\000l\000\040\000C\000o\000n\000f\000i\000g\000u\000r\000a\000t\000i\000o\000n\000\040\000I\000n\000t\000e\000r\000a\000c\000t\000i\000o\000n}{section.4}% 14
\BOOKMARK [2][-]{subsection.4.2}{\376\377\000S\000y\000m\000m\000e\000t\000r\000y\000\040\000M\000e\000t\000h\000o\000d}{section.4}% 15
\BOOKMARK [2][-]{subsection.4.3}{\376\377\000H\000a\000r\000t\000r\000e\000e\000-\000F\000o\000c\000k\000\040\000T\000h\000e\000o\000r\000y}{section.4}% 16
\BOOKMARK [2][-]{subsection.4.4}{\376\377\000M\000a\000n\000y\000-\000B\000o\000d\000y\000\040\000P\000e\000r\000t\000u\000r\000b\000a\000t\000i\000o\000n\000\040\000T\000h\000e\000o\000r\000y}{section.4}% 17
\BOOKMARK [2][-]{subsection.4.5}{\376\377\000C\000o\000u\000p\000l\000e\000d\000\040\000C\000l\000u\000s\000t\000e\000r\000\040\000T\000h\000e\000o\000r\000y}{section.4}% 18
\BOOKMARK [2][-]{subsection.4.6}{\376\377\000P\000a\000i\000r\000\040\000C\000o\000u\000p\000l\000e\000d\000\040\000C\000l\000u\000s\000t\000e\000r\000\040\000D\000o\000u\000b\000l\000e\000s\000\040\000T\000h\000e\000o\000r\000y}{section.4}% 19
\BOOKMARK [2][-]{subsection.4.7}{\376\377\000U\000n\000i\000t\000a\000r\000y\000\040\000C\000o\000u\000p\000l\000e\000d\000\040\000C\000l\000u\000s\000t\000e\000r\000\040\000T\000h\000e\000o\000r\000y}{section.4}% 20
\BOOKMARK [1][-]{section.5}{\376\377\000I\000n\000t\000r\000o\000d\000u\000c\000t\000i\000o\000n}{}% 21
\BOOKMARK [1][-]{section.6}{\376\377\000Q\000u\000b\000i\000t\000s}{}% 22
\BOOKMARK [1][-]{section.7}{\376\377\000Q\000u\000a\000n\000t\000u\000m\000\040\000G\000a\000t\000e\000s}{}% 23
\BOOKMARK [2][-]{subsection.7.1}{\376\377\000S\000i\000n\000g\000l\000e\000-\000Q\000u\000b\000i\000t\000\040\000G\000a\000t\000e\000s}{section.7}% 24
\BOOKMARK [2][-]{subsection.7.2}{\376\377\000T\000w\000o\000-\000Q\000u\000b\000i\000t\000\040\000G\000a\000t\000e\000s}{section.7}% 25
\BOOKMARK [1][-]{section.8}{\376\377\000V\000a\000r\000i\000a\000t\000i\000o\000n\000a\000l\000\040\000Q\000u\000a\000n\000t\000u\000m\000\040\000E\000i\000g\000e\000n\000s\000o\000l\000v\000e\000r}{}% 26
\BOOKMARK [2][-]{subsection.8.1}{\376\377\000I\000n\000t\000r\000o\000d\000u\000c\000t\000i\000o\000n}{section.8}% 27
\BOOKMARK [2][-]{subsection.8.2}{\376\377\000E\000x\000p\000e\000c\000t\000a\000t\000i\000o\000n\000\040\000V\000a\000l\000u\000e\000s}{section.8}% 28
\BOOKMARK [2][-]{subsection.8.3}{\376\377\000M\000e\000a\000s\000u\000r\000e\000m\000e\000n\000t}{section.8}% 29
\BOOKMARK [1][-]{section.9}{\376\377\000T\000r\000a\000n\000s\000f\000o\000r\000m\000a\000t\000i\000o\000n\000s}{}% 30
\BOOKMARK [2][-]{subsection.9.1}{\376\377\000J\000o\000r\000d\000a\000n\000-\000W\000i\000g\000n\000e\000r\000\040\000T\000r\000a\000n\000s\000f\000o\000r\000m\000a\000t\000i\000o\000n}{section.9}% 31
\BOOKMARK [2][-]{subsection.9.2}{\376\377\000P\000a\000i\000r\000\040\000J\000o\000r\000d\000a\000n\000-\000W\000i\000g\000n\000e\000r\000\040\000T\000r\000a\000n\000s\000f\000o\000r\000m\000a\000t\000i\000o\000n}{section.9}% 32
\BOOKMARK [1][-]{section.10}{\376\377\000I\000n\000t\000r\000o\000d\000u\000c\000t\000i\000o\000n}{}% 33
\BOOKMARK [1][-]{section.11}{\376\377\000C\000l\000a\000s\000s\000i\000c\000a\000l\000\040\000S\000o\000l\000u\000t\000i\000o\000n\000s}{}% 34
\BOOKMARK [2][-]{subsection.11.1}{\376\377\000F\000u\000l\000l\000\040\000C\000o\000n\000f\000i\000g\000u\000r\000a\000t\000i\000o\000n\000\040\000I\000n\000t\000e\000r\000a\000c\000t\000i\000o\000n}{section.11}% 35
\BOOKMARK [2][-]{subsection.11.2}{\376\377\000S\000y\000m\000m\000e\000t\000r\000y\000\040\000M\000e\000t\000h\000o\000d}{section.11}% 36
\BOOKMARK [2][-]{subsection.11.3}{\376\377\000H\000a\000r\000t\000r\000e\000e\000-\000F\000o\000c\000k\000\040\000M\000e\000t\000h\000o\000d}{section.11}% 37
\BOOKMARK [1][-]{section.12}{\376\377\000Q\000u\000a\000n\000t\000u\000m\000\040\000S\000o\000l\000u\000t\000i\000o\000n\000s}{}% 38
\BOOKMARK [1][-]{section.13}{\376\377\000R\000e\000s\000u\000l\000t\000s}{}% 39
\BOOKMARK [1][-]{section.14}{\376\377\000C\000o\000n\000c\000l\000u\000s\000i\000o\000n}{}% 40
\BOOKMARK [1][-]{section.15}{\376\377\000I\000n\000t\000r\000o\000d\000u\000c\000t\000i\000o\000n}{}% 41
\BOOKMARK [1][-]{section.16}{\376\377\000C\000l\000a\000s\000s\000i\000c\000a\000l\000\040\000S\000o\000l\000u\000t\000i\000o\000n\000s}{}% 42
\BOOKMARK [2][-]{subsection.16.1}{\376\377\000E\000x\000a\000c\000t\000\040\000S\000o\000l\000u\000t\000i\000o\000n}{section.16}% 43
\BOOKMARK [2][-]{subsection.16.2}{\376\377\000F\000u\000l\000l\000\040\000C\000o\000n\000f\000i\000g\000u\000r\000a\000t\000i\000o\000n\000\040\000I\000n\000t\000e\000r\000a\000c\000t\000i\000o\000n}{section.16}% 44
\BOOKMARK [2][-]{subsection.16.3}{\376\377\000M\000a\000n\000y\000-\000b\000o\000d\000y\000\040\000P\000e\000r\000t\000u\000r\000b\000a\000t\000i\000o\000n\000\040\000T\000h\000e\000o\000r\000y}{section.16}% 45
\BOOKMARK [2][-]{subsection.16.4}{\376\377\000P\000a\000i\000r\000\040\000C\000C\000D}{section.16}% 46
\BOOKMARK [1][-]{section.17}{\376\377\000Q\000u\000a\000n\000t\000u\000m\000\040\000S\000o\000l\000u\000t\000i\000o\000n\000s}{}% 47
\BOOKMARK [2][-]{subsection.17.1}{\376\377\000M\000a\000p\000p\000i\000n\000g\000\040\000t\000h\000e\000\040\000H\000a\000m\000i\000l\000t\000o\000n\000i\000a\000n}{section.17}% 48
\BOOKMARK [2][-]{subsection.17.2}{\376\377\000M\000a\000p\000p\000i\000n\000g\000\040\000t\000h\000e\000\040\000A\000n\000s\000a\000t\000z}{section.17}% 49
\BOOKMARK [2][-]{subsection.17.3}{\376\377\000I\000m\000p\000l\000e\000m\000e\000n\000t\000i\000n\000g\000\040\000t\000h\000e\000\040\000A\000n\000s\000a\000t\000z}{section.17}% 50
\BOOKMARK [2][-]{subsection.17.4}{\376\377\000I\000n\000i\000t\000i\000a\000l\000i\000z\000a\000t\000i\000o\000n}{section.17}% 51
\BOOKMARK [2][-]{subsection.17.5}{\376\377\000R\000e\000s\000u\000l\000t\000s}{section.17}% 52
\BOOKMARK [2][-]{subsection.17.6}{\376\377\000I\000t\000e\000r\000a\000t\000i\000v\000e\000\040\000Q\000u\000a\000n\000t\000u\000m\000\040\000E\000x\000c\000i\000t\000e\000d\000\040\000S\000t\000a\000t\000e\000s\000\040\000A\000l\000g\000o\000r\000i\000t\000h\000m}{section.17}% 53
\BOOKMARK [2][-]{subsection.17.7}{\376\377\000M\000u\000l\000t\000i\000-\000C\000o\000n\000f\000i\000g\000u\000r\000a\000t\000i\000o\000n\000\040\000M\000e\000t\000h\000o\000d}{section.17}% 54
\BOOKMARK [1][-]{section.18}{\376\377\000C\000o\000n\000c\000l\000u\000s\000i\000o\000n}{}% 55
\BOOKMARK [1][-]{section.19}{\376\377\000I\000n\000t\000r\000o\000d\000u\000c\000t\000i\000o\000n}{}% 56
\BOOKMARK [1][-]{section.20}{\376\377\000H\000a\000m\000i\000l\000t\000o\000n\000i\000a\000n}{}% 57
\BOOKMARK [1][-]{section.21}{\376\377\000C\000o\000n\000n\000e\000c\000t\000i\000o\000n\000\040\000t\000o\000\040\000t\000h\000e\000\040\000P\000a\000i\000r\000i\000n\000g\000\040\000M\000o\000d\000e\000l}{}% 58
\BOOKMARK [1][-]{section.22}{\376\377\000T\000i\000m\000e\000\040\000E\000v\000o\000l\000u\000t\000i\000o\000n}{}% 59
\BOOKMARK [1][-]{section.23}{\376\377\000D\000y\000n\000a\000m\000i\000c\000s\000\040\000o\000f\000\040\000e\000n\000t\000a\000n\000g\000l\000e\000m\000e\000n\000t}{}% 60
\BOOKMARK [2][-]{subsection.23.1}{\376\377\000E\000n\000t\000a\000n\000g\000l\000e\000m\000e\000n\000t\000\040\000E\000n\000t\000r\000o\000p\000i\000e\000s}{section.23}% 61
\BOOKMARK [2][-]{subsection.23.2}{\376\377\000C\000o\000n\000c\000u\000r\000r\000e\000n\000c\000e}{section.23}% 62
\BOOKMARK [1][-]{section.24}{\376\377\000E\000r\000r\000o\000r\000\040\000m\000i\000t\000i\000g\000a\000t\000i\000o\000n}{}% 63
\BOOKMARK [2][-]{subsection.24.1}{\376\377\000P\000r\000o\000p\000a\000g\000a\000t\000i\000o\000n\000\040\000o\000f\000\040\000s\000t\000a\000t\000i\000s\000t\000i\000c\000a\000l\000\040\000u\000n\000c\000e\000r\000t\000a\000i\000n\000t\000i\000e\000s}{section.24}% 64
\BOOKMARK [2][-]{subsection.24.2}{\376\377\000R\000e\000a\000d\000-\000o\000u\000t\000\040\000m\000i\000t\000i\000g\000a\000t\000i\000o\000n}{section.24}% 65
\BOOKMARK [2][-]{subsection.24.3}{\376\377\000Z\000e\000r\000o\000-\000n\000o\000i\000s\000e\000-\000e\000x\000t\000r\000a\000p\000o\000l\000a\000t\000i\000o\000n}{section.24}% 66
\BOOKMARK [1][-]{section.25}{\376\377\000A\000d\000d\000i\000t\000i\000o\000n\000a\000l\000\040\000d\000a\000t\000a\000\040\000f\000o\000r\000\040\000c\000o\000n\000c\000u\000r\000r\000e\000n\000c\000e\000\040\000a\000n\000d\000\040\000e\000n\000t\000a\000n\000g\000l\000e\000m\000e\000n\000t\000\040\000e\000n\000t\000r\000o\000p\000y}{}% 67
\BOOKMARK [1][-]{section.26}{\376\377\000C\000o\000n\000c\000l\000u\000s\000i\000o\000n}{}% 68
\BOOKMARK [1][-]{section.27}{\376\377\000I\000n\000t\000r\000o\000d\000u\000c\000t\000i\000o\000n}{}% 69
\BOOKMARK [1][-]{section.28}{\376\377\000M\000a\000x\000i\000m\000a\000l\000\040\000E\000n\000t\000a\000n\000g\000l\000e\000m\000e\000n\000t}{}% 70
\BOOKMARK [1][-]{section.29}{\376\377\000R\000i\000c\000o\000c\000h\000e\000t\000\040\000P\000r\000o\000p\000e\000r\000t\000y}{}% 71
\BOOKMARK [1][-]{section.30}{\376\377\000E\000n\000t\000a\000n\000g\000l\000e\000m\000e\000n\000t\000\040\000s\000w\000a\000p\000p\000i\000n\000g}{}% 72
\BOOKMARK [1][-]{section.31}{\376\377\000D\000i\000c\000k\000e\000\040\000S\000u\000b\000s\000p\000a\000c\000e\000\040\000M\000o\000d\000i\000f\000i\000c\000a\000t\000i\000o\000n}{}% 73
\BOOKMARK [1][-]{section.32}{\376\377\000E\000n\000t\000a\000n\000g\000l\000e\000m\000e\000n\000t\000\040\000S\000w\000a\000p\000p\000i\000n\000g\000\040\000R\000e\000c\000u\000r\000s\000i\000o\000n}{}% 74
\BOOKMARK [1][-]{section.33}{\376\377\000T\000h\000e\000\040\000A\000l\000g\000o\000r\000i\000t\000h\000m}{}% 75
\BOOKMARK [1][-]{section.34}{\376\377\000S\000c\000a\000l\000i\000n\000g}{}% 76
\BOOKMARK [1][-]{section.35}{\376\377\000D\000e\000m\000o\000n\000s\000t\000r\000a\000t\000i\000o\000n}{}% 77
\BOOKMARK [1][-]{section.36}{\376\377\000C\000o\000n\000c\000l\000u\000s\000i\000o\000n}{}% 78
\BOOKMARK [1][-]{section.37}{\376\377\000I\000n\000t\000r\000o\000d\000u\000c\000t\000i\000o\000n}{}% 79
\BOOKMARK [1][-]{section.38}{\376\377\000T\000h\000e\000\040\000A\000l\000g\000o\000r\000i\000t\000h\000m}{}% 80
\BOOKMARK [1][-]{section.39}{\376\377\000C\000a\000l\000c\000u\000l\000a\000t\000i\000n\000g\000\040\000a\000\040\000C\000o\000s\000t\000\040\000F\000u\000n\000c\000t\000i\000o\000n}{}% 81
\BOOKMARK [1][-]{section.40}{\376\377\000R\000e\000s\000u\000l\000t\000s}{}% 82
\BOOKMARK [1][-]{section.41}{\376\377\000C\000o\000n\000c\000l\000u\000s\000i\000o\000n}{}% 83
