Traceback (most recent call last):
  File "/Users/mhjensen/miniforge3/envs/myenv/lib/python3.9/site-packages/jupyter_cache/executors/utils.py", line 51, in single_nb_execution
    executenb(
  File "/Users/mhjensen/miniforge3/envs/myenv/lib/python3.9/site-packages/nbclient/client.py", line 1204, in execute
    return NotebookClient(nb=nb, resources=resources, km=km, **kwargs).execute()
  File "/Users/mhjensen/miniforge3/envs/myenv/lib/python3.9/site-packages/nbclient/util.py", line 84, in wrapped
    return just_run(coro(*args, **kwargs))
  File "/Users/mhjensen/miniforge3/envs/myenv/lib/python3.9/site-packages/nbclient/util.py", line 62, in just_run
    return loop.run_until_complete(coro)
  File "/Users/mhjensen/miniforge3/envs/myenv/lib/python3.9/asyncio/base_events.py", line 642, in run_until_complete
    return future.result()
  File "/Users/mhjensen/miniforge3/envs/myenv/lib/python3.9/site-packages/nbclient/client.py", line 663, in async_execute
    await self.async_execute_cell(
  File "/Users/mhjensen/miniforge3/envs/myenv/lib/python3.9/site-packages/nbclient/client.py", line 965, in async_execute_cell
    await self._check_raise_for_error(cell, cell_index, exec_reply)
  File "/Users/mhjensen/miniforge3/envs/myenv/lib/python3.9/site-packages/nbclient/client.py", line 862, in _check_raise_for_error
    raise CellExecutionError.from_cell_and_msg(cell, exec_reply_content)
nbclient.exceptions.CellExecutionError: An error occurred while executing the following cell:
------------------
%matplotlib inline

import time
import numpy as np
import tensorflow as tf
from matplotlib import image
import matplotlib.pyplot as plt
from sklearn.cluster import KMeans
from IPython.display import display

np.random.seed(2021)
------------------

[0;31m---------------------------------------------------------------------------[0m
[0;31mModuleNotFoundError[0m                       Traceback (most recent call last)
Input [0;32mIn [1][0m, in [0;36m<cell line: 5>[0;34m()[0m
[1;32m      3[0m [38;5;28;01mimport[39;00m [38;5;21;01mtime[39;00m
[1;32m      4[0m [38;5;28;01mimport[39;00m [38;5;21;01mnumpy[39;00m [38;5;28;01mas[39;00m [38;5;21;01mnp[39;00m
[0;32m----> 5[0m [38;5;28;01mimport[39;00m [38;5;21;01mtensorflow[39;00m [38;5;28;01mas[39;00m [38;5;21;01mtf[39;00m
[1;32m      6[0m [38;5;28;01mfrom[39;00m [38;5;21;01mmatplotlib[39;00m [38;5;28;01mimport[39;00m image
[1;32m      7[0m [38;5;28;01mimport[39;00m [38;5;21;01mmatplotlib[39;00m[38;5;21;01m.[39;00m[38;5;21;01mpyplot[39;00m [38;5;28;01mas[39;00m [38;5;21;01mplt[39;00m

File [0;32m~/miniforge3/envs/myenv/lib/python3.9/site-packages/tensorflow/__init__.py:51[0m, in [0;36m<module>[0;34m[0m
[1;32m     49[0m [38;5;28;01mfrom[39;00m [38;5;21;01m.[39;00m[38;5;21;01m_api[39;00m[38;5;21;01m.[39;00m[38;5;21;01mv2[39;00m [38;5;28;01mimport[39;00m autograph
[1;32m     50[0m [38;5;28;01mfrom[39;00m [38;5;21;01m.[39;00m[38;5;21;01m_api[39;00m[38;5;21;01m.[39;00m[38;5;21;01mv2[39;00m [38;5;28;01mimport[39;00m bitwise
[0;32m---> 51[0m [38;5;28;01mfrom[39;00m [38;5;21;01m.[39;00m[38;5;21;01m_api[39;00m[38;5;21;01m.[39;00m[38;5;21;01mv2[39;00m [38;5;28;01mimport[39;00m compat
[1;32m     52[0m [38;5;28;01mfrom[39;00m [38;5;21;01m.[39;00m[38;5;21;01m_api[39;00m[38;5;21;01m.[39;00m[38;5;21;01mv2[39;00m [38;5;28;01mimport[39;00m config
[1;32m     53[0m [38;5;28;01mfrom[39;00m [38;5;21;01m.[39;00m[38;5;21;01m_api[39;00m[38;5;21;01m.[39;00m[38;5;21;01mv2[39;00m [38;5;28;01mimport[39;00m data

File [0;32m~/miniforge3/envs/myenv/lib/python3.9/site-packages/tensorflow/_api/v2/compat/__init__.py:37[0m, in [0;36m<module>[0;34m[0m
[1;32m      3[0m [38;5;124;03m"""Compatibility functions.[39;00m
[1;32m      4[0m 
[1;32m      5[0m [38;5;124;03mThe `tf.compat` module contains two sets of compatibility functions.[39;00m
[0;32m   (...)[0m
[1;32m     32[0m 
[1;32m     33[0m [38;5;124;03m"""[39;00m
[1;32m     35[0m [38;5;28;01mimport[39;00m [38;5;21;01msys[39;00m [38;5;28;01mas[39;00m [38;5;21;01m_sys[39;00m
[0;32m---> 37[0m [38;5;28;01mfrom[39;00m [38;5;21;01m.[39;00m [38;5;28;01mimport[39;00m v1
[1;32m     38[0m [38;5;28;01mfrom[39;00m [38;5;21;01m.[39;00m [38;5;28;01mimport[39;00m v2
[1;32m     39[0m [38;5;28;01mfrom[39;00m [38;5;21;01mtensorflow[39;00m[38;5;21;01m.[39;00m[38;5;21;01mpython[39;00m[38;5;21;01m.[39;00m[38;5;21;01mcompat[39;00m[38;5;21;01m.[39;00m[38;5;21;01mcompat[39;00m [38;5;28;01mimport[39;00m forward_compatibility_horizon

File [0;32m~/miniforge3/envs/myenv/lib/python3.9/site-packages/tensorflow/_api/v2/compat/v1/__init__.py:30[0m, in [0;36m<module>[0;34m[0m
[1;32m     28[0m [38;5;28;01mfrom[39;00m [38;5;21;01m.[39;00m [38;5;28;01mimport[39;00m autograph
[1;32m     29[0m [38;5;28;01mfrom[39;00m [38;5;21;01m.[39;00m [38;5;28;01mimport[39;00m bitwise
[0;32m---> 30[0m [38;5;28;01mfrom[39;00m [38;5;21;01m.[39;00m [38;5;28;01mimport[39;00m compat
[1;32m     31[0m [38;5;28;01mfrom[39;00m [38;5;21;01m.[39;00m [38;5;28;01mimport[39;00m config
[1;32m     32[0m [38;5;28;01mfrom[39;00m [38;5;21;01m.[39;00m [38;5;28;01mimport[39;00m data

File [0;32m~/miniforge3/envs/myenv/lib/python3.9/site-packages/tensorflow/_api/v2/compat/v1/compat/__init__.py:37[0m, in [0;36m<module>[0;34m[0m
[1;32m      3[0m [38;5;124;03m"""Compatibility functions.[39;00m
[1;32m      4[0m 
[1;32m      5[0m [38;5;124;03mThe `tf.compat` module contains two sets of compatibility functions.[39;00m
[0;32m   (...)[0m
[1;32m     32[0m 
[1;32m     33[0m [38;5;124;03m"""[39;00m
[1;32m     35[0m [38;5;28;01mimport[39;00m [38;5;21;01msys[39;00m [38;5;28;01mas[39;00m [38;5;21;01m_sys[39;00m
[0;32m---> 37[0m [38;5;28;01mfrom[39;00m [38;5;21;01m.[39;00m [38;5;28;01mimport[39;00m v1
[1;32m     38[0m [38;5;28;01mfrom[39;00m [38;5;21;01m.[39;00m [38;5;28;01mimport[39;00m v2
[1;32m     39[0m [38;5;28;01mfrom[39;00m [38;5;21;01mtensorflow[39;00m[38;5;21;01m.[39;00m[38;5;21;01mpython[39;00m[38;5;21;01m.[39;00m[38;5;21;01mcompat[39;00m[38;5;21;01m.[39;00m[38;5;21;01mcompat[39;00m [38;5;28;01mimport[39;00m forward_compatibility_horizon

File [0;32m~/miniforge3/envs/myenv/lib/python3.9/site-packages/tensorflow/_api/v2/compat/v1/compat/v1/__init__.py:47[0m, in [0;36m<module>[0;34m[0m
[1;32m     45[0m [38;5;28;01mfrom[39;00m [38;5;21;01mtensorflow[39;00m[38;5;21;01m.[39;00m[38;5;21;01m_api[39;00m[38;5;21;01m.[39;00m[38;5;21;01mv2[39;00m[38;5;21;01m.[39;00m[38;5;21;01mcompat[39;00m[38;5;21;01m.[39;00m[38;5;21;01mv1[39;00m [38;5;28;01mimport[39;00m layers
[1;32m     46[0m [38;5;28;01mfrom[39;00m [38;5;21;01mtensorflow[39;00m[38;5;21;01m.[39;00m[38;5;21;01m_api[39;00m[38;5;21;01m.[39;00m[38;5;21;01mv2[39;00m[38;5;21;01m.[39;00m[38;5;21;01mcompat[39;00m[38;5;21;01m.[39;00m[38;5;21;01mv1[39;00m [38;5;28;01mimport[39;00m linalg
[0;32m---> 47[0m [38;5;28;01mfrom[39;00m [38;5;21;01mtensorflow[39;00m[38;5;21;01m.[39;00m[38;5;21;01m_api[39;00m[38;5;21;01m.[39;00m[38;5;21;01mv2[39;00m[38;5;21;01m.[39;00m[38;5;21;01mcompat[39;00m[38;5;21;01m.[39;00m[38;5;21;01mv1[39;00m [38;5;28;01mimport[39;00m lite
[1;32m     48[0m [38;5;28;01mfrom[39;00m [38;5;21;01mtensorflow[39;00m[38;5;21;01m.[39;00m[38;5;21;01m_api[39;00m[38;5;21;01m.[39;00m[38;5;21;01mv2[39;00m[38;5;21;01m.[39;00m[38;5;21;01mcompat[39;00m[38;5;21;01m.[39;00m[38;5;21;01mv1[39;00m [38;5;28;01mimport[39;00m logging
[1;32m     49[0m [38;5;28;01mfrom[39;00m [38;5;21;01mtensorflow[39;00m[38;5;21;01m.[39;00m[38;5;21;01m_api[39;00m[38;5;21;01m.[39;00m[38;5;21;01mv2[39;00m[38;5;21;01m.[39;00m[38;5;21;01mcompat[39;00m[38;5;21;01m.[39;00m[38;5;21;01mv1[39;00m [38;5;28;01mimport[39;00m lookup

File [0;32m~/miniforge3/envs/myenv/lib/python3.9/site-packages/tensorflow/_api/v2/compat/v1/lite/__init__.py:9[0m, in [0;36m<module>[0;34m[0m
[1;32m      6[0m [38;5;28;01mimport[39;00m [38;5;21;01msys[39;00m [38;5;28;01mas[39;00m [38;5;21;01m_sys[39;00m
[1;32m      8[0m [38;5;28;01mfrom[39;00m [38;5;21;01m.[39;00m [38;5;28;01mimport[39;00m constants
[0;32m----> 9[0m [38;5;28;01mfrom[39;00m [38;5;21;01m.[39;00m [38;5;28;01mimport[39;00m experimental
[1;32m     10[0m [38;5;28;01mfrom[39;00m [38;5;21;01mtensorflow[39;00m[38;5;21;01m.[39;00m[38;5;21;01mlite[39;00m[38;5;21;01m.[39;00m[38;5;21;01mpython[39;00m[38;5;21;01m.[39;00m[38;5;21;01mlite[39;00m [38;5;28;01mimport[39;00m Interpreter
[1;32m     11[0m [38;5;28;01mfrom[39;00m [38;5;21;01mtensorflow[39;00m[38;5;21;01m.[39;00m[38;5;21;01mlite[39;00m[38;5;21;01m.[39;00m[38;5;21;01mpython[39;00m[38;5;21;01m.[39;00m[38;5;21;01mlite[39;00m [38;5;28;01mimport[39;00m OpHint

File [0;32m~/miniforge3/envs/myenv/lib/python3.9/site-packages/tensorflow/_api/v2/compat/v1/lite/experimental/__init__.py:8[0m, in [0;36m<module>[0;34m[0m
[1;32m      3[0m [38;5;124;03m"""Public API for tf.lite.experimental namespace.[39;00m
[1;32m      4[0m [38;5;124;03m"""[39;00m
[1;32m      6[0m [38;5;28;01mimport[39;00m [38;5;21;01msys[39;00m [38;5;28;01mas[39;00m [38;5;21;01m_sys[39;00m
[0;32m----> 8[0m [38;5;28;01mfrom[39;00m [38;5;21;01m.[39;00m [38;5;28;01mimport[39;00m authoring
[1;32m      9[0m [38;5;28;01mfrom[39;00m [38;5;21;01mtensorflow[39;00m[38;5;21;01m.[39;00m[38;5;21;01mlite[39;00m[38;5;21;01m.[39;00m[38;5;21;01mpython[39;00m[38;5;21;01m.[39;00m[38;5;21;01manalyzer[39;00m [38;5;28;01mimport[39;00m ModelAnalyzer [38;5;28;01mas[39;00m Analyzer
[1;32m     10[0m [38;5;28;01mfrom[39;00m [38;5;21;01mtensorflow[39;00m[38;5;21;01m.[39;00m[38;5;21;01mlite[39;00m[38;5;21;01m.[39;00m[38;5;21;01mpython[39;00m[38;5;21;01m.[39;00m[38;5;21;01mlite[39;00m [38;5;28;01mimport[39;00m OpResolverType

File [0;32m~/miniforge3/envs/myenv/lib/python3.9/site-packages/tensorflow/_api/v2/compat/v1/lite/experimental/authoring/__init__.py:8[0m, in [0;36m<module>[0;34m[0m
[1;32m      3[0m [38;5;124;03m"""Public API for tf.lite.experimental.authoring namespace.[39;00m
[1;32m      4[0m [38;5;124;03m"""[39;00m
[1;32m      6[0m [38;5;28;01mimport[39;00m [38;5;21;01msys[39;00m [38;5;28;01mas[39;00m [38;5;21;01m_sys[39;00m
[0;32m----> 8[0m [38;5;28;01mfrom[39;00m [38;5;21;01mtensorflow[39;00m[38;5;21;01m.[39;00m[38;5;21;01mlite[39;00m[38;5;21;01m.[39;00m[38;5;21;01mpython[39;00m[38;5;21;01m.[39;00m[38;5;21;01mauthoring[39;00m[38;5;21;01m.[39;00m[38;5;21;01mauthoring[39;00m [38;5;28;01mimport[39;00m compatible

File [0;32m~/miniforge3/envs/myenv/lib/python3.9/site-packages/tensorflow/lite/python/authoring/authoring.py:43[0m, in [0;36m<module>[0;34m[0m
[1;32m     39[0m [38;5;28;01mimport[39;00m [38;5;21;01mfunctools[39;00m
[1;32m     42[0m [38;5;66;03m# pylint: disable=g-import-not-at-top[39;00m
[0;32m---> 43[0m [38;5;28;01mfrom[39;00m [38;5;21;01mtensorflow[39;00m[38;5;21;01m.[39;00m[38;5;21;01mlite[39;00m[38;5;21;01m.[39;00m[38;5;21;01mpython[39;00m [38;5;28;01mimport[39;00m convert
[1;32m     44[0m [38;5;28;01mfrom[39;00m [38;5;21;01mtensorflow[39;00m[38;5;21;01m.[39;00m[38;5;21;01mlite[39;00m[38;5;21;01m.[39;00m[38;5;21;01mpython[39;00m [38;5;28;01mimport[39;00m lite
[1;32m     45[0m [38;5;28;01mfrom[39;00m [38;5;21;01mtensorflow[39;00m[38;5;21;01m.[39;00m[38;5;21;01mlite[39;00m[38;5;21;01m.[39;00m[38;5;21;01mpython[39;00m[38;5;21;01m.[39;00m[38;5;21;01mmetrics[39;00m [38;5;28;01mimport[39;00m converter_error_data_pb2

File [0;32m~/miniforge3/envs/myenv/lib/python3.9/site-packages/tensorflow/lite/python/convert.py:29[0m, in [0;36m<module>[0;34m[0m
[1;32m     26[0m [38;5;28;01mimport[39;00m [38;5;21;01msix[39;00m
[1;32m     28[0m [38;5;28;01mfrom[39;00m [38;5;21;01mtensorflow[39;00m[38;5;21;01m.[39;00m[38;5;21;01mlite[39;00m[38;5;21;01m.[39;00m[38;5;21;01mpython[39;00m [38;5;28;01mimport[39;00m lite_constants
[0;32m---> 29[0m [38;5;28;01mfrom[39;00m [38;5;21;01mtensorflow[39;00m[38;5;21;01m.[39;00m[38;5;21;01mlite[39;00m[38;5;21;01m.[39;00m[38;5;21;01mpython[39;00m [38;5;28;01mimport[39;00m util
[1;32m     30[0m [38;5;28;01mfrom[39;00m [38;5;21;01mtensorflow[39;00m[38;5;21;01m.[39;00m[38;5;21;01mlite[39;00m[38;5;21;01m.[39;00m[38;5;21;01mpython[39;00m [38;5;28;01mimport[39;00m wrap_toco
[1;32m     31[0m [38;5;28;01mfrom[39;00m [38;5;21;01mtensorflow[39;00m[38;5;21;01m.[39;00m[38;5;21;01mlite[39;00m[38;5;21;01m.[39;00m[38;5;21;01mpython[39;00m[38;5;21;01m.[39;00m[38;5;21;01mconvert_phase[39;00m [38;5;28;01mimport[39;00m Component

File [0;32m~/miniforge3/envs/myenv/lib/python3.9/site-packages/tensorflow/lite/python/util.py:26[0m, in [0;36m<module>[0;34m[0m
[1;32m     23[0m [38;5;28;01mimport[39;00m [38;5;21;01msix[39;00m
[1;32m     24[0m [38;5;28;01mfrom[39;00m [38;5;21;01msix[39;00m[38;5;21;01m.[39;00m[38;5;21;01mmoves[39;00m [38;5;28;01mimport[39;00m [38;5;28mrange[39m
[0;32m---> 26[0m [38;5;28;01mimport[39;00m [38;5;21;01mflatbuffers[39;00m
[1;32m     27[0m [38;5;28;01mfrom[39;00m [38;5;21;01mtensorflow[39;00m[38;5;21;01m.[39;00m[38;5;21;01mcore[39;00m[38;5;21;01m.[39;00m[38;5;21;01mprotobuf[39;00m [38;5;28;01mimport[39;00m config_pb2 [38;5;28;01mas[39;00m _config_pb2
[1;32m     28[0m [38;5;28;01mfrom[39;00m [38;5;21;01mtensorflow[39;00m[38;5;21;01m.[39;00m[38;5;21;01mcore[39;00m[38;5;21;01m.[39;00m[38;5;21;01mprotobuf[39;00m [38;5;28;01mimport[39;00m graph_debug_info_pb2

[0;31mModuleNotFoundError[0m: No module named 'flatbuffers'
ModuleNotFoundError: No module named 'flatbuffers'

